<?xml version="1.0" encoding="UTF-8"?>
<!-- Generated by org.testng.reporters.JUnitXMLReporter -->
<testsuite hostname="PT-MIL-010" name="Test" tests="2" failures="1" timestamp="5 Sep 2018 06:23:36 GMT" time="34.62" errors="0">
  <testcase name="test" time="19.429" classname="Package2.Login_DP"/>
  <testcase name="test" time="0.255" classname="Package2.Login_DP">
    <failure type="java.lang.NumberFormatException" message="empty String">
      <![CDATA[java.lang.NumberFormatException: empty String
	at sun.misc.FloatingDecimal.readJavaFormatString(Unknown Source)
	at sun.misc.FloatingDecimal.parseFloat(Unknown Source)
	at java.lang.Float.parseFloat(Unknown Source)
	at java.lang.Float.valueOf(Unknown Source)
	at Package2.Login_DP.test(Login_DP.java:71)
... Removed 24 stack frames]]>
    </failure>
  </testcase> <!-- test -->
</testsuite> <!-- Test -->
