<?xml version="1.0" encoding="UTF-8"?>
<!-- Generated by org.testng.reporters.JUnitXMLReporter -->
<testsuite hostname="PT-MIL-010" name="UITesting" tests="1" failures="1" timestamp="20 Aug 2018 11:03:10 GMT" time="0.26" errors="0">
  <testcase name="test" time="0.229" classname="Package2.Login_DP">
    <failure type="org.testng.TestNGException" message="
The data provider is trying to pass 5 parameters but the method Package2.Login_DP#test takes 4">
      <![CDATA[org.testng.TestNGException: 
The data provider is trying to pass 5 parameters but the method Package2.Login_DP#test takes 4
... Removed 18 stack frames]]>
    </failure>
  </testcase> <!-- test -->
</testsuite> <!-- UITesting -->
